\BOOKMARK [1][-]{section.1}{\376\377\004\022\004\062\004\065\004\064\004\065\004\075\004\070\004\065}{}% 1
\BOOKMARK [1][-]{section.2}{\376\377\004\040\004\076\004\073\004\070}{}% 2
\BOOKMARK [1][-]{section.3}{\376\377\004\036\004\077\004\070\004\101\004\060\004\075\004\070\004\065\000\040\004\061\004\070\004\067\004\075\004\065\004\101\000\040\004\077\004\100\004\076\004\106\004\065\004\101\004\101\004\076\004\062}{}% 3
\BOOKMARK [2][-]{subsection.3.1}{\376\377\004\040\004\060\004\067\004\100\004\060\004\061\004\076\004\102\004\072\004\060\000\040\004\077\004\100\004\076\004\065\004\072\004\102\004\060\000.}{section.3}% 4
\BOOKMARK [2][-]{subsection.3.2}{\376\377\004\022\004\113\004\077\004\076\004\073\004\075\004\065\004\075\004\070\004\065\000\040\004\102\004\070\004\072\004\065\004\102\004\060}{section.3}% 5
\BOOKMARK [2][-]{subsection.3.3}{\376\377\004\036\004\061\004\100\004\060\004\061\004\076\004\102\004\072\004\060\000\040\004\076\004\102\004\107\004\065\004\102\004\076\004\062\000\040\004\076\004\061\000\040\004\076\004\110\004\070\004\061\004\072\004\060\004\105}{section.3}% 6
\BOOKMARK [1][-]{section.4}{\376\377\004\022\004\060\004\100\004\070\004\060\004\075\004\102\004\113\000\040\004\070\004\101\004\077\004\076\004\073\004\114\004\067\004\076\004\062\004\060\004\075\004\070\004\117}{}% 7
\BOOKMARK [2][-]{subsection.4.1}{\376\377\004\024\004\070\004\060\004\063\004\100\004\060\004\074\004\074\004\060\000\040\004\062\004\060\004\100\004\070\004\060\004\075\004\102\004\076\004\062\000\040\004\070\004\101\004\077\004\076\004\073\004\114\004\067\004\076\004\062\004\060\004\075\004\070\004\117}{section.4}% 8
\BOOKMARK [2][-]{subsection.4.2}{\376\377\004\036\004\077\004\070\004\101\004\060\004\075\004\070\004\065\000\040\004\062\004\060\004\100\004\070\004\060\004\075\004\102\004\076\004\062\000\040\004\070\004\101\004\077\004\076\004\073\004\114\004\067\004\076\004\062\004\060\004\075\004\070\004\117}{section.4}% 9
\BOOKMARK [3][-]{subsubsection.4.2.1}{\376\377\004\027\004\060\004\077\004\070\004\101\004\114\000\040\004\077\004\060\004\106\004\070\004\065\004\075\004\102\004\060\000\040\004\075\004\060\000\040\004\077\004\100\004\070\004\065\004\074}{subsection.4.2}% 10
\BOOKMARK [1][-]{section.5}{\376\377\004\024\004\070\004\060\004\063\004\100\004\060\004\074\004\074\004\113\000\040\004\077\004\076\004\101\004\073\004\065\004\064\004\076\004\062\004\060\004\102\004\065\004\073\004\114\004\075\004\076\004\101\004\102\004\065\004\071}{}% 11
\BOOKMARK [1][-]{section.6}{\376\377\004\041\004\073\004\076\004\071\000\040\004\061\004\070\004\067\004\075\004\065\004\101\000-\004\073\004\076\004\063\004\070\004\072\004\070}{}% 12
\BOOKMARK [2][-]{subsection.6.1}{\376\377\004\037\004\060\004\072\004\065\004\102\000\040\000e\000n\000t\000i\000t\000y}{section.6}% 13
\BOOKMARK [2][-]{subsection.6.2}{\376\377\004\037\004\060\004\072\004\065\004\102\000\040\000l\000o\000g\000i\000c}{section.6}% 14
\BOOKMARK [1][-]{section.7}{\376\377\004\041\004\073\004\076\004\071\000\040\004\105\004\100\004\060\004\075\004\065\004\075\004\070\004\117\000\040\004\064\004\060\004\075\004\075\004\113\004\105}{}% 15
\BOOKMARK [1][-]{section.8}{\376\377\004\041\004\073\004\076\004\071\000\040\004\077\004\100\004\065\004\064\004\101\004\102\004\060\004\062\004\073\004\065\004\075\004\070\004\117}{}% 16
\BOOKMARK [1][-]{section.9}{\376\377\004\042\004\065\004\101\004\102\004\070\004\100\004\076\004\062\004\060\004\075\004\070\004\065}{}% 17
\BOOKMARK [1][-]{section.10}{\376\377\004\030\004\075\004\101\004\102\004\100\004\103\004\072\004\106\004\070\004\117\000\040\004\101\004\070\004\101\004\102\004\065\004\074\004\075\004\076\004\063\004\076\000\040\004\060\004\064\004\074\004\070\004\075\004\070\004\101\004\102\004\100\004\060\004\102\004\076\004\100\004\060}{}% 18
\BOOKMARK [1][-]{section.11}{\376\377\004\030\004\075\004\101\004\102\004\100\004\103\004\072\004\106\004\070\004\117\000\040\004\077\004\076\004\073\004\114\004\067\004\076\004\062\004\060\004\102\004\065\004\073\004\117}{}% 19
\BOOKMARK [2][-]{subsection.11.1}{\376\377\004\041\004\102\004\100\004\060\004\075\004\070\004\106\004\060\000\040\004\077\004\076\004\073\004\114\004\067\004\076\004\062\004\060\004\102\004\065\004\073\004\117}{section.11}% 20
\BOOKMARK [2][-]{subsection.11.2}{\376\377\004\041\004\102\004\100\004\060\004\075\004\070\004\106\004\060\000\040\004\077\004\100\004\076\004\065\004\072\004\102\004\060}{section.11}% 21
\BOOKMARK [2][-]{subsection.11.3}{\376\377\004\041\004\102\004\100\004\060\004\075\004\070\004\106\004\060\000\040\004\074\004\060\004\071\004\073\004\101\004\102\004\076\004\103\004\075\004\060}{section.11}% 22
\BOOKMARK [2][-]{subsection.11.4}{\376\377\004\041\004\102\004\100\004\060\004\075\004\070\004\106\004\060\000\040\004\102\004\070\004\072\004\065\004\102\004\060}{section.11}% 23
\BOOKMARK [2][-]{subsection.11.5}{\376\377\004\041\004\102\004\100\004\060\004\075\004\070\004\106\004\065\000\040\004\076\004\102\004\107\004\065\004\102\004\060\000\040\004\076\004\061\000\040\004\076\004\110\004\070\004\061\004\072\004\065}{section.11}% 24
\BOOKMARK [1][-]{section.12}{\376\377\004\022\004\113\004\062\004\076\004\064\004\113}{}% 25
